<?xml version="1.0" encoding="UTF-8"?>
<!-- Generated by org.testng.reporters.JUnitReportReporter -->
<testsuite hostname="AKN" name="appium.Test2" tests="1" failures="0" timestamp="7 May 2015 23:01:46 GMT" time="22.292" errors="0">
  <testcase name="firstYelpTest" time="22.292" classname="appium.Test2"/>
</testsuite> <!-- appium.Test2 -->
