<?xml version="1.0" encoding="UTF-8"?>
<!-- Generated by org.testng.reporters.JUnitReportReporter -->
<testsuite hostname="AKN" name="appium.YelpTest" tests="5" failures="0" timestamp="7 May 2015 22:18:48 GMT" time="67.045" errors="0">
  <testcase name="firstYelpTest" time="22.455" classname="appium.YelpTest"/>
  <testcase name="fifthYelpTest" time="11.429" classname="appium.YelpTest"/>
  <testcase name="secondYelpTest" time="19.589" classname="appium.YelpTest"/>
  <testcase name="fourthYelpTest" time="5.483" classname="appium.YelpTest"/>
  <testcase name="thirdYelpTest" time="8.089" classname="appium.YelpTest"/>
</testsuite> <!-- appium.YelpTest -->
