<?xml version="1.0" encoding="UTF-8"?>
<!-- Generated by org.testng.reporters.JUnitReportReporter -->
<testsuite hostname="AKN" name="appium.Test5" tests="1" failures="0" timestamp="7 May 2015 23:04:20 GMT" time="23.302" errors="0">
  <testcase name="fifthYelpTest" time="23.302" classname="appium.Test5"/>
</testsuite> <!-- appium.Test5 -->
