<?xml version="1.0" encoding="UTF-8"?>
<!-- Generated by org.testng.reporters.JUnitReportReporter -->
<testsuite hostname="AKN" name="appium.Test3" tests="1" failures="0" timestamp="7 May 2015 23:02:55 GMT" time="8.514" errors="0">
  <testcase name="thirdYelpTest" time="8.514" classname="appium.Test3"/>
</testsuite> <!-- appium.Test3 -->
