<?xml version="1.0" encoding="UTF-8"?>
<!-- Generated by org.testng.reporters.JUnitReportReporter -->
<testsuite hostname="AKN" name="appium.Test1" tests="1" failures="0" timestamp="7 May 2015 23:01:07 GMT" time="4.982" errors="0">
  <testcase name="firstYelpTest" time="4.982" classname="appium.Test1"/>
</testsuite> <!-- appium.Test1 -->
