<?xml version="1.0" encoding="UTF-8"?>
<!-- Generated by org.testng.reporters.JUnitReportReporter -->
<testsuite hostname="AKN" name="appium.Test4" tests="1" failures="0" timestamp="7 May 2015 23:03:42 GMT" time="14.740" errors="0">
  <testcase name="fourthYelpTest" time="14.740" classname="appium.Test4"/>
</testsuite> <!-- appium.Test4 -->
